[38;5;112m[Appium][0m Welcome to Appium v2.17.1 (REV 0046519c08cd3967e0934c82195361ac7e76c567)
[38;5;112m[Appium][0m Non-default server args:
[38;5;112m[Appium][0m { basePath: [32m'/wd/hub'[39m, loglevel: [32m'info'[39m, port: [33m53248[39m }
[38;5;112m[Appium][0m Attempting to load driver uiautomator2...
[38;5;112m[Appium][0m Attempting to load driver xcuitest...
[38;5;112m[Appium][0m Appium REST http interface listener started on http://0.0.0.0:53248/wd/hub
[38;5;112m[Appium][0m You can provide the following URLs in your client code to connect to this server:
	http://127.0.0.1:53248/wd/hub (only accessible from the same host)
	http://192.168.1.3:53248/wd/hub
[38;5;112m[Appium][0m Available drivers:
[38;5;112m[Appium][0m   - uiautomator2@3.8.0 (automationName 'UiAutomator2')
[38;5;112m[Appium][0m   - xcuitest@8.3.3 (automationName 'XCUITest')
[38;5;112m[Appium][0m No plugins have been installed. Use the "appium plugin" command to install the one(s) you want to use.
[38;5;86m[HTTP][0m [37m-->[39m [37mGET[39m [37m/wd/hub/status[39m {}
[38;5;86m[HTTP][0m <-- GET /wd/hub/status 200 3 ms - 200 
[38;5;86m[HTTP][0m [37m-->[39m [37mGET[39m [37m/wd/hub/status[39m {}
[38;5;86m[HTTP][0m <-- GET /wd/hub/status 200 1 ms - 200 
[38;5;86m[HTTP][0m [37m-->[39m [37mPOST[39m [37m/wd/hub/session[39m {"capabilities":{"firstMatch":[{"appium:appActivity":".Settings","appium:appPackage":"com.android.settings","appium:autoGrantPermissions":true,"appium:automationName":"uiautomator2","appium:deviceName":"INFINIX MOBILITY LIMITED Infinix X6812B (Android 11)","appium:newCommandTimeout":1800,"appium:platformName":"ANDROID","appium:platformVersion":"11","appium:systemPort":8251,"appium:udid":"0732625232000406","platformName":"ANDROID"}]},"desiredCapabilities":{"appium:appActivity":".Settings","appium:appPackage":"com.android.settings","appium:autoGrantPermissions":true,"appium:automationName":"uiautomator2","appium:deviceName":"INFINIX MOBILITY LIMITED Infinix X6812B (Android 11)","appium:newCommandTimeout":1800,"appium:platformName":"ANDROID","appium:platformVersion":"11","appium:systemPort":8251,"appium:udid":"0732625232000406"}}
[38;5;123m[BaseDriver][0m Ignoring capability 'appium:platformName=ANDROID' and using capability 'platformName=ANDROID'
[38;5;123m[BaseDriver][0m The capabilities ["platformName"] are standard capabilities and do not require "appium:" prefix
[38;5;112m[Appium][0m Attempting to find matching driver for automationName 'uiautomator2' and platformName 'ANDROID'
[38;5;112m[Appium][0m The 'uiautomator2' driver was installed and matched caps.
[38;5;112m[Appium][0m Will require it at /Users/indrabsudirman/.appium/node_modules/appium-uiautomator2-driver
[38;5;172m[AppiumDriver@172b][0m Appium v2.17.1 creating new AndroidUiautomator2Driver (v3.8.0) session
[38;5;172m[AppiumDriver@172b][0m Checking BaseDriver versions for Appium and AndroidUiautomator2Driver
[38;5;172m[AppiumDriver@172b][0m Appium's BaseDriver version is 9.16.4
[38;5;172m[AppiumDriver@172b][0m AndroidUiautomator2Driver's BaseDriver version is 9.16.4
[38;5;162m[5eb14a04][0m[38;5;-109m[AndroidUiautomator2Driver@85ab][0m Session created with session id: 5eb14a04-b6c5-4ef0-8d38-dd10d140bdc1
[38;5;162m[5eb14a04][0m[38;5;229m[ADB][0m Found 1 'build-tools' folders under '/Users/indrabsudirman/.katalon/tools/android_sdk' (newest first):
[38;5;162m[5eb14a04][0m[38;5;229m[ADB][0m     /Users/indrabsudirman/.katalon/tools/android_sdk/build-tools/29.0.3
[38;5;162m[5eb14a04][0m[38;5;229m[ADB][0m Using 'adb' from '/Users/indrabsudirman/.katalon/tools/android_sdk/platform-tools/adb'
[38;5;162m[5eb14a04][0m[38;5;-109m[AndroidUiautomator2Driver@85ab][0m Retrieving device list
[38;5;162m[5eb14a04][0m[38;5;-109m[AndroidUiautomator2Driver@85ab][0m Using device: 0732625232000406
[38;5;162m[5eb14a04][0m[38;5;229m[ADB][0m Using 'adb' from '/Users/indrabsudirman/.katalon/tools/android_sdk/platform-tools/adb'
[38;5;162m[5eb14a04][0m[38;5;-109m[AndroidUiautomator2Driver@85ab][0m Starting 'com.android.settings' directly on the device
[38;5;162m[5eb14a04][0m[38;5;229m[ADB][0m Getting device platform version
[38;5;162m[5eb14a04][0m[38;5;-109m[AndroidUiautomator2Driver@85ab][0m Relaxing hidden api policy
[38;5;162m[5eb14a04][0m[38;5;-109m[AndroidUiautomator2Driver@85ab][0m No app sent in, not parsing package/activity
[38;5;162m[5eb14a04][0m[38;5;229m[ADB][0m Using 'aapt2' from '/Users/indrabsudirman/.katalon/tools/android_sdk/build-tools/29.0.3/aapt2'
[38;5;162m[5eb14a04][0m[38;5;-109m[AndroidUiautomator2Driver@85ab][0m Server packages are not going to be (re)installed
[38;5;162m[5eb14a04][0m[38;5;229m[ADB][0m Adding packages ["io.appium.settings","io.appium.uiautomator2.server","io.appium.uiautomator2.server.test"] to Doze whitelist
[38;5;162m[5eb14a04][0m[38;5;-109m[AndroidUiautomator2Driver@85ab][0m Starting UIAutomator2 server 7.0.25
[38;5;162m[5eb14a04][0m[38;5;-109m[AndroidUiautomator2Driver@85ab][0m Using UIAutomator2 server from '/Users/indrabsudirman/.appium/node_modules/appium-uiautomator2-driver/node_modules/appium-uiautomator2-server/apks/appium-uiautomator2-server-v7.0.25.apk' and test from '/Users/indrabsudirman/.appium/node_modules/appium-uiautomator2-driver/node_modules/appium-uiautomator2-server/apks/appium-uiautomator2-server-debug-androidTest.apk'
[38;5;162m[5eb14a04][0m[38;5;-109m[AndroidUiautomator2Driver@85ab][0m Waiting up to 30000ms for UiAutomator2 to be online...
[38;5;162m[5eb14a04][0m[38;5;-109m[AndroidUiautomator2Driver@85ab][0m socket hang up
[38;5;162m[5eb14a04][0m[38;5;-109m[AndroidUiautomator2Driver@85ab][0m socket hang up
[38;5;162m[5eb14a04][0m[38;5;-109m[AndroidUiautomator2Driver@85ab][0m socket hang up
[38;5;162m[5eb14a04][0m[38;5;-109m[AndroidUiautomator2Driver@85ab][0m Determined the downstream protocol as 'W3C'
[38;5;162m[5eb14a04][0m[38;5;-109m[AndroidUiautomator2Driver@85ab][0m Screen already unlocked, doing nothing
[38;5;162m[5eb14a04][0m[38;5;-109m[AndroidUiautomator2Driver@85ab][0m Starting 'com.android.settings/.Settings and waiting for 'com.android.settings/.Settings'
[38;5;162m[5eb14a04][0m[38;5;172m[AppiumDriver@172b][0m New AndroidUiautomator2Driver session created successfully, session 5eb14a04-b6c5-4ef0-8d38-dd10d140bdc1 added to master session list
[38;5;162m[5eb14a04][0m[38;5;86m[HTTP][0m <-- POST /wd/hub/session 200 6895 ms - 1151 
[38;5;86m[HTTP][0m [37m-->[39m [37mGET[39m [37m/wd/hub/status[39m {}
[38;5;86m[HTTP][0m <-- GET /wd/hub/status 200 1 ms - 200 
[38;5;162m[5eb14a04][0m[38;5;86m[HTTP][0m [37m-->[39m [37mPOST[39m [37m/wd/hub/session/5eb14a04-b6c5-4ef0-8d38-dd10d140bdc1/timeouts[39m {"implicit":60000}
[38;5;162m[5eb14a04][0m[38;5;86m[HTTP][0m <-- POST /wd/hub/session/5eb14a04-b6c5-4ef0-8d38-dd10d140bdc1/timeouts 200 3 ms - 14 
[38;5;162m[5eb14a04][0m[38;5;86m[HTTP][0m [37m-->[39m [37mPOST[39m [37m/wd/hub/session/5eb14a04-b6c5-4ef0-8d38-dd10d140bdc1/execute/sync[39m {"args":[],"script":"mobile: getSystemBars"}
[38;5;162m[5eb14a04][0m[38;5;-109m[AndroidUiautomator2Driver@85ab][0m Executing native command 'mobile: getSystemBars'
[38;5;162m[5eb14a04][0m[38;5;86m[HTTP][0m <-- POST /wd/hub/session/5eb14a04-b6c5-4ef0-8d38-dd10d140bdc1/execute/sync 200 170 ms - 152 
[38;5;162m[5eb14a04][0m[38;5;86m[HTTP][0m [37m-->[39m [37mPOST[39m [37m/wd/hub/session/5eb14a04-b6c5-4ef0-8d38-dd10d140bdc1/execute/sync[39m {"args":[{"appId":"blibli.mobile.commerce","bundleId":"blibli.mobile.commerce"}],"script":"mobile: activateApp"}
[38;5;162m[5eb14a04][0m[38;5;-109m[AndroidUiautomator2Driver@85ab][0m Executing native command 'mobile: activateApp'
[38;5;162m[5eb14a04][0m[38;5;86m[HTTP][0m <-- POST /wd/hub/session/5eb14a04-b6c5-4ef0-8d38-dd10d140bdc1/execute/sync 200 222 ms - 14 
[38;5;162m[5eb14a04][0m[38;5;86m[HTTP][0m [37m-->[39m [37mGET[39m [37m/wd/hub/session/5eb14a04-b6c5-4ef0-8d38-dd10d140bdc1/source[39m {}
[38;5;162m[5eb14a04][0m[38;5;-109m[AndroidUiautomator2Driver@85ab][0m Driver proxy active, passing request on via HTTP proxy
[38;5;162m[5eb14a04][0m[38;5;-109m[AndroidUiautomator2Driver@85ab][0m Replacing sessionId 0c3a8173-25ec-4878-9a8d-636ea4de1655 with 5eb14a04-b6c5-4ef0-8d38-dd10d140bdc1
[38;5;162m[5eb14a04][0m[38;5;86m[HTTP][0m <-- GET /wd/hub/session/5eb14a04-b6c5-4ef0-8d38-dd10d140bdc1/source 200 1262 ms - 2846 
[38;5;162m[5eb14a04][0m[38;5;86m[HTTP][0m [37m-->[39m [37mGET[39m [37m/wd/hub/session/5eb14a04-b6c5-4ef0-8d38-dd10d140bdc1/screenshot[39m {}
[38;5;162m[5eb14a04][0m[38;5;86m[HTTP][0m <-- GET /wd/hub/session/5eb14a04-b6c5-4ef0-8d38-dd10d140bdc1/screenshot 200 848 ms - 437952 
[38;5;162m[5eb14a04][0m[38;5;86m[HTTP][0m [37m-->[39m [37mDELETE[39m [37m/wd/hub/session/5eb14a04-b6c5-4ef0-8d38-dd10d140bdc1[39m {}
[38;5;162m[5eb14a04][0m[38;5;172m[AppiumDriver@172b][0m Removing session 5eb14a04-b6c5-4ef0-8d38-dd10d140bdc1 from our master session list
[38;5;162m[5eb14a04][0m[38;5;-109m[AndroidUiautomator2Driver@85ab][0m Restoring hidden api policy to the device default configuration
[38;5;162m[5eb14a04][0m[38;5;86m[HTTP][0m <-- DELETE /wd/hub/session/5eb14a04-b6c5-4ef0-8d38-dd10d140bdc1 200 411 ms - 14 
[38;5;112m[Appium][0m Received SIGTERM - shutting down
[38;5;86m[HTTP][0m Closing Appium HTTP server
[38;5;86m[HTTP][0m Appium HTTP server has been succesfully closed after 0ms
